25-02-14.00:00:05.852 [main            ] INFO  RaffleStrategyTest     - Starting RaffleStrategyTest using Java 1.8.0_202 on X with PID 23892 (started by 12135 in D:\JavaStudy\big-market\big-market-app)
25-02-14.00:00:05.853 [main            ] INFO  RaffleStrategyTest     - The following 1 profile is active: "dev"
25-02-14.00:00:07.391 [main            ] INFO  Version                - Redisson 3.23.4
25-02-14.00:00:08.051 [redisson-netty-2-4] INFO  MasterPubSubConnectionPool - 1 connections initialized for 127.0.0.1/127.0.0.1:6379
25-02-14.00:00:08.058 [redisson-netty-2-13] INFO  MasterConnectionPool   - 5 connections initialized for 127.0.0.1/127.0.0.1:6379
25-02-14.00:00:08.703 [main            ] INFO  RaffleStrategyTest     - Started RaffleStrategyTest in 3.089 seconds (JVM running for 3.653)
25-02-14.00:00:08.844 [main            ] INFO  HikariDataSource       - HikariPool-1 - Starting...
25-02-14.00:00:09.592 [main            ] INFO  HikariDataSource       - HikariPool-1 - Start completed.
25-02-14.00:00:09.828 [main            ] INFO  RaffleStrategyTest     - 测试结果: true
25-02-14.00:00:09.834 [main            ] INFO  RaffleStrategyTest     - 测试结果: true
25-02-14.00:00:09.840 [main            ] INFO  RaffleStrategyTest     - 测试结果: true
25-02-14.00:00:09.849 [main            ] INFO  DefaultLogicChain      - 抽奖责任链-默认处理 userId：xx strategyId: 100006 ruleModel: rule_default awardId: 102
25-02-14.00:00:09.849 [main            ] INFO  AbstractRaffleStrategy - 抽奖策略计算-责任链 xx 100006 102 rule_default
25-02-14.00:00:09.940 [main            ] INFO  StrategyRepository     - tree_node_line 转为 Map ：{"rule_lock":[{"ruleLimitType":"EQUAL","ruleLimitValue":"ALLOW","ruleNodeFrom":"rule_lock","ruleNodeTo":"rule_stock","treeId":"tree_lock"},{"ruleLimitType":"EQUAL","ruleLimitValue":"TAKE_OVER","ruleNodeFrom":"rule_lock","ruleNodeTo":"rule_luck_award","treeId":"tree_lock"}],"rule_stock":[{"ruleLimitType":"EQUAL","ruleLimitValue":"TAKE_OVER","ruleNodeFrom":"rule_stock","ruleNodeTo":"rule_luck_award","treeId":"tree_lock"}]}
25-02-14.00:00:09.944 [main            ] INFO  StrategyRepository     - tree_node 转为 Map ：{"rule_lock":{"ruleDesc":"限定用户已完成N次抽奖后解锁","ruleKey":"rule_lock","ruleValue":"1","treeId":"tree_lock","treeNodeLineVoList":[{"ruleLimitType":"EQUAL","ruleLimitValue":"ALLOW","ruleNodeFrom":"rule_lock","ruleNodeTo":"rule_stock","treeId":"tree_lock"},{"ruleLimitType":"EQUAL","ruleLimitValue":"TAKE_OVER","ruleNodeFrom":"rule_lock","ruleNodeTo":"rule_luck_award","treeId":"tree_lock"}]},"rule_stock":{"ruleDesc":"库存扣减规则","ruleKey":"rule_stock","treeId":"tree_lock","treeNodeLineVoList":[{"ruleLimitType":"EQUAL","ruleLimitValue":"TAKE_OVER","ruleNodeFrom":"rule_stock","ruleNodeTo":"rule_luck_award","treeId":"tree_lock"}]},"rule_luck_award":{"ruleDesc":"兜底奖品随机积分","ruleKey":"rule_luck_award","ruleValue":"1,100","treeId":"tree_lock"}}
25-02-14.00:00:09.948 [main            ] INFO  DecisionTreeEngine     - 决策树引擎【规则树】 treeId:tree_lock node:rule_lock code:0000
25-02-14.00:00:09.948 [main            ] INFO  DecisionTreeEngine     - 决策树引擎【规则树】 treeId:tree_lock node:rule_stock code:0001
25-02-14.00:00:09.949 [main            ] INFO  DecisionTreeEngine     - 决策树引擎【规则树】 treeId:tree_lock node:rule_luck_award code:0001
25-02-14.00:00:09.949 [main            ] INFO  AbstractRaffleStrategy - 抽奖策略计算-规则树 xx 100006 101 1,100
25-02-14.00:00:09.952 [main            ] INFO  RaffleStrategyTest     - 请求参数： {"strategyId":100006,"userId":"xx"}
25-02-14.00:00:09.952 [main            ] INFO  RaffleStrategyTest     - 测试结果: {"awardConfig":"1,100","awardId":101}
25-02-14.00:00:09.968 [SpringApplicationShutdownHook] INFO  HikariDataSource       - HikariPool-1 - Shutdown initiated...
25-02-14.00:00:09.974 [SpringApplicationShutdownHook] INFO  HikariDataSource       - HikariPool-1 - Shutdown completed.
25-02-14.00:01:26.149 [main            ] INFO  RaffleStrategyTest     - Starting RaffleStrategyTest using Java 1.8.0_202 on X with PID 17332 (started by 12135 in D:\JavaStudy\big-market\big-market-app)
25-02-14.00:01:26.155 [main            ] INFO  RaffleStrategyTest     - The following 1 profile is active: "dev"
25-02-14.00:01:27.747 [main            ] INFO  Version                - Redisson 3.23.4
25-02-14.00:01:28.388 [redisson-netty-2-4] INFO  MasterPubSubConnectionPool - 1 connections initialized for 127.0.0.1/127.0.0.1:6379
25-02-14.00:01:28.395 [redisson-netty-2-13] INFO  MasterConnectionPool   - 5 connections initialized for 127.0.0.1/127.0.0.1:6379
25-02-14.00:01:29.043 [main            ] INFO  RaffleStrategyTest     - Started RaffleStrategyTest in 3.137 seconds (JVM running for 3.72)
25-02-14.00:01:29.294 [main            ] INFO  HikariDataSource       - HikariPool-1 - Starting...
25-02-14.00:01:30.005 [main            ] INFO  HikariDataSource       - HikariPool-1 - Start completed.
25-02-14.00:01:30.133 [main            ] INFO  RaffleStrategyTest     - 测试结果: true
25-02-14.00:01:30.137 [main            ] INFO  RaffleStrategyTest     - 测试结果: true
25-02-14.00:01:30.141 [main            ] INFO  RaffleStrategyTest     - 测试结果: true
25-02-14.00:01:30.148 [main            ] INFO  DefaultLogicChain      - 抽奖责任链-默认处理 userId：xx strategyId: 100006 ruleModel: rule_default awardId: 102
25-02-14.00:01:30.149 [main            ] INFO  AbstractRaffleStrategy - 抽奖策略计算-责任链 xx 100006 102 rule_default
25-02-14.00:01:30.157 [main            ] INFO  DecisionTreeEngine     - 决策树引擎【规则树】 treeId:tree_lock node:rule_lock code:0000
25-02-14.00:01:30.158 [main            ] INFO  DecisionTreeEngine     - 决策树引擎【规则树】 treeId:tree_lock node:rule_stock code:0001
25-02-14.00:01:30.159 [main            ] INFO  DecisionTreeEngine     - 决策树引擎【规则树】 treeId:tree_lock node:rule_luck_award code:0001
25-02-14.00:01:30.159 [main            ] INFO  AbstractRaffleStrategy - 抽奖策略计算-规则树 xx 100006 101 1,100
25-02-14.00:01:30.253 [main            ] INFO  RaffleStrategyTest     - 请求参数： {"strategyId":100006,"userId":"xx"}
25-02-14.00:01:30.255 [main            ] INFO  RaffleStrategyTest     - 测试结果: {"awardConfig":"1,100","awardId":101}
25-02-14.00:01:30.274 [SpringApplicationShutdownHook] INFO  HikariDataSource       - HikariPool-1 - Shutdown initiated...
25-02-14.00:01:30.280 [SpringApplicationShutdownHook] INFO  HikariDataSource       - HikariPool-1 - Shutdown completed.
